<?xml version="1.0" encoding="UTF-8"?>
<testng-results skipped="0" failed="0" ignored="0" total="4" passed="4">
  <reporter-output>
  </reporter-output>
  <suite name="Default suite" duration-ms="14637" started-at="2020-07-10T13:01:27Z" finished-at="2020-07-10T13:01:42Z">
    <groups>
    </groups>
    <test name="Default test" duration-ms="14637" started-at="2020-07-10T13:01:27Z" finished-at="2020-07-10T13:01:42Z">
      <class name="BPDTS1">
        <test-method status="PASS" signature="bpdtsTest1()[pri:0, instance:BPDTS1@b0338]" name="bpdtsTest1" duration-ms="11736" started-at="2020-07-10T14:01:27Z" finished-at="2020-07-10T14:01:39Z">
          <reporter-output>
          </reporter-output>
        </test-method> <!-- bpdtsTest1 -->
        <test-method status="PASS" signature="bpdtsTest2()[pri:0, instance:BPDTS1@b0338]" name="bpdtsTest2" duration-ms="257" started-at="2020-07-10T14:01:39Z" finished-at="2020-07-10T14:01:39Z">
          <reporter-output>
          </reporter-output>
        </test-method> <!-- bpdtsTest2 -->
        <test-method status="PASS" signature="bpdtsTest3()[pri:0, instance:BPDTS1@b0338]" name="bpdtsTest3" duration-ms="122" started-at="2020-07-10T14:01:39Z" finished-at="2020-07-10T14:01:40Z">
          <reporter-output>
          </reporter-output>
        </test-method> <!-- bpdtsTest3 -->
        <test-method status="PASS" signature="bpdtsTest4()[pri:0, instance:BPDTS1@b0338]" name="bpdtsTest4" duration-ms="2407" started-at="2020-07-10T14:01:40Z" finished-at="2020-07-10T14:01:42Z">
          <reporter-output>
          </reporter-output>
        </test-method> <!-- bpdtsTest4 -->
      </class> <!-- BPDTS1 -->
    </test> <!-- Default test -->
  </suite> <!-- Default suite -->
</testng-results>
