<?xml version="1.0" encoding="UTF-8"?>
<!-- Generated by org.testng.reporters.JUnitReportReporter -->
<testsuite skipped="0" hostname="CHID-PC" name="BPDTS1" tests="4" failures="0" timestamp="10 Jul 2020 13:01:43 GMT" time="14.522" errors="0">
  <testcase name="bpdtsTest4" time="2.407" classname="BPDTS1"/>
  <testcase name="bpdtsTest3" time="0.122" classname="BPDTS1"/>
  <testcase name="bpdtsTest2" time="0.257" classname="BPDTS1"/>
  <testcase name="bpdtsTest1" time="11.736" classname="BPDTS1"/>
</testsuite> <!-- BPDTS1 -->
